<?xml version="1.0" encoding="UTF-8"?>
<!-- Generated by org.testng.reporters.JUnitReportReporter -->
<testsuite hostname="larvenacomputer" failures="0" tests="1" name="employeeAPI.EndToEndTest" time="4.680" errors="0" timestamp="15 Dec 2022 07:52:04 GMT" skipped="0">
  <testcase classname="employeeAPI.EndToEndTest" name="test1" time="4.680"/>
</testsuite> <!-- employeeAPI.EndToEndTest -->
